<?xml version="1.0" encoding="UTF-8"?>
<!-- Generated by org.testng.reporters.JUnitReportReporter -->
<testsuite skipped="0" hostname="LAPTOP-VT80RB39" name="com.testng.GoogleTitleTestValidation" tests="2" failures="0" timestamp="2020-04-03T16:31:01 IST" time="35.094" errors="0">
  <testcase name="googleTitleTest" time="17.499" classname="com.testng.GoogleTitleTestValidation"/>
  <system-out/>
  <testcase name="googleLogoTest" time="17.595" classname="com.testng.GoogleTitleTestValidation"/>
  <system-out/>
</testsuite> <!-- com.testng.GoogleTitleTestValidation -->
