<?xml version="1.0" encoding="UTF-8"?>
<!-- Generated by org.testng.reporters.JUnitReportReporter -->
<testsuite skipped="0" hostname="LAPTOP-VT80RB39" name="com.testng.TestNgBasics" tests="2" failures="0" timestamp="2020-04-03T16:31:01 IST" time="0.016" errors="0">
  <testcase name="googleTitleTest" time="0.009" classname="com.testng.TestNgBasics"/>
  <system-out/>
  <testcase name="search" time="0.007" classname="com.testng.TestNgBasics"/>
  <system-out/>
</testsuite> <!-- com.testng.TestNgBasics -->
