<?xml version="1.0" encoding="UTF-8"?>
<!-- Generated by org.testng.reporters.JUnitReportReporter -->
<testsuite skipped="0" hostname="LAPTOP-VT80RB39" name="com.testng.InvocationCountRepeatedTest" tests="10" failures="0" timestamp="2020-04-03T16:31:01 IST" time="0.007" errors="0">
  <testcase name="sum" time="0.000" classname="com.testng.InvocationCountRepeatedTest"/>
  <system-out/>
  <testcase name="sum" time="0.001" classname="com.testng.InvocationCountRepeatedTest"/>
  <system-out/>
  <testcase name="sum" time="0.001" classname="com.testng.InvocationCountRepeatedTest"/>
  <system-out/>
  <testcase name="sum" time="0.001" classname="com.testng.InvocationCountRepeatedTest"/>
  <system-out/>
  <testcase name="sum" time="0.001" classname="com.testng.InvocationCountRepeatedTest"/>
  <system-out/>
  <testcase name="sum" time="0.000" classname="com.testng.InvocationCountRepeatedTest"/>
  <system-out/>
  <testcase name="sum" time="0.001" classname="com.testng.InvocationCountRepeatedTest"/>
  <system-out/>
  <testcase name="sum" time="0.001" classname="com.testng.InvocationCountRepeatedTest"/>
  <system-out/>
  <testcase name="sum" time="0.000" classname="com.testng.InvocationCountRepeatedTest"/>
  <system-out/>
  <testcase name="sum" time="0.001" classname="com.testng.InvocationCountRepeatedTest"/>
  <system-out/>
</testsuite> <!-- com.testng.InvocationCountRepeatedTest -->
