<?xml version="1.0" encoding="UTF-8"?>
<!-- Generated by org.testng.reporters.JUnitReportReporter -->
<testsuite skipped="0" hostname="LAPTOP-VT80RB39" name="com.testng.HowToHandleExpectedException" tests="1" failures="0" timestamp="2020-04-03T16:31:01 IST" time="0.001" errors="0">
  <testcase name="test1" time="0.001" classname="com.testng.HowToHandleExpectedException"/>
  <system-out/>
</testsuite> <!-- com.testng.HowToHandleExpectedException -->
