<?xml version="1.0" encoding="UTF-8"?>
<!-- Generated by org.testng.reporters.JUnitReportReporter -->
<testsuite skipped="0" hostname="LAPTOP-VT80RB39" name="com.testng.TestNgfeatures" tests="4" failures="0" timestamp="2020-04-03T16:31:01 IST" time="0.006" errors="0">
  <testcase name="HomePageTest" time="0.001" classname="com.testng.TestNgfeatures"/>
  <system-out/>
  <testcase name="searchPageTest" time="0.001" classname="com.testng.TestNgfeatures"/>
  <system-out/>
  <testcase name="loginTest" time="0.003" classname="com.testng.TestNgfeatures"/>
  <system-out/>
  <testcase name="regPagetest" time="0.001" classname="com.testng.TestNgfeatures"/>
  <system-out/>
</testsuite> <!-- com.testng.TestNgfeatures -->
